<?xml version="1.0" encoding="UTF-8"?>
<!-- Generated by org.testng.reporters.JUnitReportReporter -->
<testsuite hostname="DESKTOP-RC68TGG" name="Tests.RealtorTests" tests="1" failures="0" timestamp="7 Oct 2018 19:10:37 GMT" time="35.724" errors="0">
  <testcase name="realtorTest" time="35.724" classname="Tests.RealtorTests"/>
</testsuite> <!-- Tests.RealtorTests -->
