<?xml version="1.0" encoding="UTF-8"?>
<!-- Generated by org.testng.reporters.JUnitReportReporter -->
<testsuite hostname="DESKTOP-RC68TGG" name="Tests.RealtorTests" tests="1" failures="0" timestamp="11 Oct 2018 13:50:09 GMT" time="25.128" errors="0">
  <testcase name="realtorTest" time="25.128" classname="Tests.RealtorTests"/>
</testsuite> <!-- Tests.RealtorTests -->
